<?xml version="1.0" encoding="UTF-8"?>
<coverage generated="1680975765716" clover="3.2.0">
  <project timestamp="1680975765716" name="All files">
    <metrics statements="19" coveredstatements="19" conditionals="22" coveredconditionals="22" methods="1" coveredmethods="1" elements="42" coveredelements="42" complexity="0" loc="19" ncloc="19" packages="1" files="1" classes="1"/>
    <file name="calc.js" path="/Users/theandersonn/Documents/labs/branas-cccat6-refactoring/dist/src/calc.js">
      <metrics statements="19" coveredstatements="19" conditionals="22" coveredconditionals="22" methods="1" coveredmethods="1"/>
      <line num="2" count="1" type="stmt"/>
      <line num="3" count="1" type="stmt"/>
      <line num="7" count="7" type="stmt"/>
      <line num="8" count="7" type="stmt"/>
      <line num="9" count="7" type="cond" truecount="6" falsecount="0"/>
      <line num="10" count="6" type="cond" truecount="6" falsecount="0"/>
      <line num="12" count="5" type="cond" truecount="4" falsecount="0"/>
      <line num="14" count="2" type="cond" truecount="2" falsecount="0"/>
      <line num="15" count="1" type="stmt"/>
      <line num="19" count="1" type="stmt"/>
      <line num="24" count="3" type="cond" truecount="2" falsecount="0"/>
      <line num="25" count="1" type="stmt"/>
      <line num="28" count="2" type="stmt"/>
      <line num="34" count="1" type="stmt"/>
      <line num="39" count="1" type="stmt"/>
      <line num="42" count="5" type="cond" truecount="2" falsecount="0"/>
      <line num="43" count="1" type="stmt"/>
      <line num="46" count="4" type="stmt"/>
      <line num="49" count="1" type="stmt"/>
    </file>
  </project>
</coverage>
