TN:
SF:dist/src/calc.js
FN:6,calc
FNF:1
FNH:1
FNDA:7,calc
DA:2,1
DA:3,1
DA:7,7
DA:8,7
DA:9,7
DA:10,6
DA:12,5
DA:14,2
DA:15,1
DA:19,1
DA:24,3
DA:25,1
DA:28,2
DA:34,1
DA:39,1
DA:42,5
DA:43,1
DA:46,4
DA:49,1
LF:19
LH:19
BRDA:9,0,0,6
BRDA:9,0,1,1
BRDA:9,1,0,7
BRDA:9,1,1,7
BRDA:9,1,2,7
BRDA:9,1,3,7
BRDA:10,2,0,5
BRDA:10,2,1,1
BRDA:10,3,0,6
BRDA:10,3,1,6
BRDA:10,3,2,6
BRDA:10,3,3,6
BRDA:12,4,0,2
BRDA:12,4,1,3
BRDA:12,5,0,5
BRDA:12,5,1,3
BRDA:14,6,0,1
BRDA:14,6,1,1
BRDA:24,7,0,1
BRDA:24,7,1,2
BRDA:42,8,0,1
BRDA:42,8,1,4
BRF:22
BRH:22
end_of_record
